<?xml version="1.0" encoding="UTF-8"?>
<!-- Generated by org.testng.reporters.JUnitXMLReporter -->
<testsuite hostname="LAPTOP-MHI2SFUK" ignored="3" name="Test" tests="13" failures="1" timestamp="2023-07-31T12:06:24 IST" time="0.055" errors="0">
  <testcase name="a" time="0.003" classname="testNG.TestNG_2"/>
  <testcase name="b" time="0.001" classname="testNG.TestNG_2"/>
  <testcase name="q" time="0.001" classname="testNG.TestNG_2"/>
  <testcase name="r" time="0.001" classname="testNG.TestNG_2"/>
  <testcase name="v" time="0.001" classname="testNG.TestNG_2"/>
  <testcase name="z" time="0.0" classname="testNG.TestNG_2"/>
  <testcase name="a1" time="0.001" classname="testNG.TestNG_1"/>
  <testcase name="e" time="0.0" classname="testNG.TestNg_3"/>
  <testcase name="e" time="0.001" classname="testNG.TestNg_3"/>
  <testcase name="a" time="0.001" classname="testNG.TestNg_3">
    <failure type="javax.security.auth.login.FailedLoginException" message="failed">
      <![CDATA[javax.security.auth.login.FailedLoginException: failed
at testNG.TestNg_3.a(TestNg_3.java:14)
at java.util.ArrayList.forEach(Unknown Source)
... Removed 27 stack frames]]>
    </failure>
  </testcase> <!-- a -->
  <testcase name="b" time="0.0" classname="testNG.TestNg_3"/>
  <testcase name="k" time="0.0" classname="testNG.TestNg_3"/>
  <testcase name="v" time="0.0" classname="testNG.TestNg_3">
    <skipped/>
  </testcase> <!-- v -->
  <testcase name="k" time="0.0" classname="testNG.TestNG_2">
    <ignored/>
  </testcase> <!-- k -->
  <testcase name="a" time="0.0" classname="testNG.TestNG_1">
    <ignored/>
  </testcase> <!-- a -->
  <testcase name="e" time="0.0" classname="testNG.TestNG_2">
    <ignored/>
  </testcase> <!-- e -->
</testsuite> <!-- Test -->
