<?xml version="1.0" encoding="UTF-8"?>
<testng-results skipped="0" failed="0" ignored="0" total="1" passed="1">
  <reporter-output>
  </reporter-output>
  <suite name="Default suite" duration-ms="145" started-at="2023-07-31T16:44:51 IST" finished-at="2023-07-31T16:44:51 IST">
    <groups>
    </groups>
    <test name="Default test" duration-ms="145" started-at="2023-07-31T16:44:51 IST" finished-at="2023-07-31T16:44:51 IST">
      <class name="delete.Programs">
        <test-method status="PASS" signature="a()[pri:0, instance:delete.Programs@3b088d51]" name="a" duration-ms="90" started-at="2023-07-31T16:44:51 IST" finished-at="2023-07-31T16:44:51 IST">
          <reporter-output>
          </reporter-output>
        </test-method> <!-- a -->
      </class> <!-- delete.Programs -->
    </test> <!-- Default test -->
  </suite> <!-- Default suite -->
</testng-results>
